<?xml version="1.0" encoding="UTF-8"?>
<testsuite xmlns:xsi="http://www.w3.org/2001/XMLSchema-instance" xsi:noNamespaceSchemaLocation="https://maven.apache.org/surefire/maven-surefire-plugin/xsd/surefire-test-report-3.0.xsd" version="3.0" name="com.pragmatest.controllers.UserControllerIntegrationMockMvcTest" time="2.313" tests="31" errors="0" skipped="0" failures="0">
  <properties>
    <property name="java.specification.version" value="15"/>
    <property name="sun.jnu.encoding" value="UTF-8"/>
    <property name="java.class.path" value="/Users/andrea.mangion/Documents/workspace/workshop-exercises/continuous-testing-foundations/java/target/test-classes:/Users/andrea.mangion/Documents/workspace/workshop-exercises/continuous-testing-foundations/java/target/classes:/Users/andrea.mangion/.m2/repository/org/junit/jupiter/junit-jupiter-engine/5.6.0/junit-jupiter-engine-5.6.0.jar:/Users/andrea.mangion/.m2/repository/org/apiguardian/apiguardian-api/1.1.0/apiguardian-api-1.1.0.jar:/Users/andrea.mangion/.m2/repository/org/junit/platform/junit-platform-engine/1.6.0/junit-platform-engine-1.6.0.jar:/Users/andrea.mangion/.m2/repository/org/opentest4j/opentest4j/1.2.0/opentest4j-1.2.0.jar:/Users/andrea.mangion/.m2/repository/org/junit/platform/junit-platform-commons/1.6.0/junit-platform-commons-1.6.0.jar:/Users/andrea.mangion/.m2/repository/org/junit/jupiter/junit-jupiter-api/5.6.0/junit-jupiter-api-5.6.0.jar:/Users/andrea.mangion/.m2/repository/org/junit/jupiter/junit-jupiter-params/5.6.0/junit-jupiter-params-5.6.0.jar:/Users/andrea.mangion/.m2/repository/org/springframework/boot/spring-boot-starter-web/2.1.2.RELEASE/spring-boot-starter-web-2.1.2.RELEASE.jar:/Users/andrea.mangion/.m2/repository/org/springframework/boot/spring-boot-starter/2.1.2.RELEASE/spring-boot-starter-2.1.2.RELEASE.jar:/Users/andrea.mangion/.m2/repository/org/springframework/boot/spring-boot/2.1.2.RELEASE/spring-boot-2.1.2.RELEASE.jar:/Users/andrea.mangion/.m2/repository/org/springframework/boot/spring-boot-autoconfigure/2.1.2.RELEASE/spring-boot-autoconfigure-2.1.2.RELEASE.jar:/Users/andrea.mangion/.m2/repository/org/springframework/boot/spring-boot-starter-logging/2.1.2.RELEASE/spring-boot-starter-logging-2.1.2.RELEASE.jar:/Users/andrea.mangion/.m2/repository/ch/qos/logback/logback-classic/1.2.3/logback-classic-1.2.3.jar:/Users/andrea.mangion/.m2/repository/ch/qos/logback/logback-core/1.2.3/logback-core-1.2.3.jar:/Users/andrea.mangion/.m2/repository/org/apache/logging/log4j/log4j-to-slf4j/2.11.1/log4j-to-slf4j-2.11.1.jar:/Users/andrea.mangion/.m2/repository/org/apache/logging/log4j/log4j-api/2.11.1/log4j-api-2.11.1.jar:/Users/andrea.mangion/.m2/repository/org/slf4j/jul-to-slf4j/1.7.25/jul-to-slf4j-1.7.25.jar:/Users/andrea.mangion/.m2/repository/javax/annotation/javax.annotation-api/1.3.2/javax.annotation-api-1.3.2.jar:/Users/andrea.mangion/.m2/repository/org/yaml/snakeyaml/1.23/snakeyaml-1.23.jar:/Users/andrea.mangion/.m2/repository/org/springframework/boot/spring-boot-starter-json/2.1.2.RELEASE/spring-boot-starter-json-2.1.2.RELEASE.jar:/Users/andrea.mangion/.m2/repository/com/fasterxml/jackson/core/jackson-databind/2.9.8/jackson-databind-2.9.8.jar:/Users/andrea.mangion/.m2/repository/com/fasterxml/jackson/core/jackson-core/2.9.8/jackson-core-2.9.8.jar:/Users/andrea.mangion/.m2/repository/com/fasterxml/jackson/datatype/jackson-datatype-jdk8/2.9.8/jackson-datatype-jdk8-2.9.8.jar:/Users/andrea.mangion/.m2/repository/com/fasterxml/jackson/datatype/jackson-datatype-jsr310/2.9.8/jackson-datatype-jsr310-2.9.8.jar:/Users/andrea.mangion/.m2/repository/com/fasterxml/jackson/module/jackson-module-parameter-names/2.9.8/jackson-module-parameter-names-2.9.8.jar:/Users/andrea.mangion/.m2/repository/org/springframework/boot/spring-boot-starter-tomcat/2.1.2.RELEASE/spring-boot-starter-tomcat-2.1.2.RELEASE.jar:/Users/andrea.mangion/.m2/repository/org/apache/tomcat/embed/tomcat-embed-core/9.0.14/tomcat-embed-core-9.0.14.jar:/Users/andrea.mangion/.m2/repository/org/apache/tomcat/embed/tomcat-embed-el/9.0.14/tomcat-embed-el-9.0.14.jar:/Users/andrea.mangion/.m2/repository/org/apache/tomcat/embed/tomcat-embed-websocket/9.0.14/tomcat-embed-websocket-9.0.14.jar:/Users/andrea.mangion/.m2/repository/org/hibernate/validator/hibernate-validator/6.0.14.Final/hibernate-validator-6.0.14.Final.jar:/Users/andrea.mangion/.m2/repository/javax/validation/validation-api/2.0.1.Final/validation-api-2.0.1.Final.jar:/Users/andrea.mangion/.m2/repository/org/jboss/logging/jboss-logging/3.3.2.Final/jboss-logging-3.3.2.Final.jar:/Users/andrea.mangion/.m2/repository/org/springframework/spring-web/5.1.4.RELEASE/spring-web-5.1.4.RELEASE.jar:/Users/andrea.mangion/.m2/repository/org/springframework/spring-beans/5.1.4.RELEASE/spring-beans-5.1.4.RELEASE.jar:/Users/andrea.mangion/.m2/repository/org/springframework/spring-webmvc/5.1.4.RELEASE/spring-webmvc-5.1.4.RELEASE.jar:/Users/andrea.mangion/.m2/repository/org/springframework/spring-aop/5.1.4.RELEASE/spring-aop-5.1.4.RELEASE.jar:/Users/andrea.mangion/.m2/repository/org/springframework/spring-context/5.1.4.RELEASE/spring-context-5.1.4.RELEASE.jar:/Users/andrea.mangion/.m2/repository/org/springframework/spring-expression/5.1.4.RELEASE/spring-expression-5.1.4.RELEASE.jar:/Users/andrea.mangion/.m2/repository/org/springframework/boot/spring-boot-starter-test/2.1.2.RELEASE/spring-boot-starter-test-2.1.2.RELEASE.jar:/Users/andrea.mangion/.m2/repository/org/springframework/boot/spring-boot-test/2.1.2.RELEASE/spring-boot-test-2.1.2.RELEASE.jar:/Users/andrea.mangion/.m2/repository/org/springframework/boot/spring-boot-test-autoconfigure/2.1.2.RELEASE/spring-boot-test-autoconfigure-2.1.2.RELEASE.jar:/Users/andrea.mangion/.m2/repository/com/jayway/jsonpath/json-path/2.4.0/json-path-2.4.0.jar:/Users/andrea.mangion/.m2/repository/net/minidev/json-smart/2.3/json-smart-2.3.jar:/Users/andrea.mangion/.m2/repository/net/minidev/accessors-smart/1.2/accessors-smart-1.2.jar:/Users/andrea.mangion/.m2/repository/org/ow2/asm/asm/5.0.4/asm-5.0.4.jar:/Users/andrea.mangion/.m2/repository/org/assertj/assertj-core/3.11.1/assertj-core-3.11.1.jar:/Users/andrea.mangion/.m2/repository/org/hamcrest/hamcrest-core/1.3/hamcrest-core-1.3.jar:/Users/andrea.mangion/.m2/repository/org/hamcrest/hamcrest-library/1.3/hamcrest-library-1.3.jar:/Users/andrea.mangion/.m2/repository/org/skyscreamer/jsonassert/1.5.0/jsonassert-1.5.0.jar:/Users/andrea.mangion/.m2/repository/com/vaadin/external/google/android-json/0.0.20131108.vaadin1/android-json-0.0.20131108.vaadin1.jar:/Users/andrea.mangion/.m2/repository/org/springframework/spring-core/5.1.4.RELEASE/spring-core-5.1.4.RELEASE.jar:/Users/andrea.mangion/.m2/repository/org/springframework/spring-jcl/5.1.4.RELEASE/spring-jcl-5.1.4.RELEASE.jar:/Users/andrea.mangion/.m2/repository/org/springframework/spring-test/5.1.4.RELEASE/spring-test-5.1.4.RELEASE.jar:/Users/andrea.mangion/.m2/repository/org/xmlunit/xmlunit-core/2.6.2/xmlunit-core-2.6.2.jar:/Users/andrea.mangion/.m2/repository/org/springframework/boot/spring-boot-starter-data-jpa/2.1.2.RELEASE/spring-boot-starter-data-jpa-2.1.2.RELEASE.jar:/Users/andrea.mangion/.m2/repository/org/springframework/boot/spring-boot-starter-aop/2.1.2.RELEASE/spring-boot-starter-aop-2.1.2.RELEASE.jar:/Users/andrea.mangion/.m2/repository/org/aspectj/aspectjweaver/1.9.2/aspectjweaver-1.9.2.jar:/Users/andrea.mangion/.m2/repository/org/springframework/boot/spring-boot-starter-jdbc/2.1.2.RELEASE/spring-boot-starter-jdbc-2.1.2.RELEASE.jar:/Users/andrea.mangion/.m2/repository/com/zaxxer/HikariCP/3.2.0/HikariCP-3.2.0.jar:/Users/andrea.mangion/.m2/repository/org/springframework/spring-jdbc/5.1.4.RELEASE/spring-jdbc-5.1.4.RELEASE.jar:/Users/andrea.mangion/.m2/repository/javax/transaction/javax.transaction-api/1.3/javax.transaction-api-1.3.jar:/Users/andrea.mangion/.m2/repository/javax/xml/bind/jaxb-api/2.3.1/jaxb-api-2.3.1.jar:/Users/andrea.mangion/.m2/repository/javax/activation/javax.activation-api/1.2.0/javax.activation-api-1.2.0.jar:/Users/andrea.mangion/.m2/repository/org/hibernate/hibernate-core/5.3.7.Final/hibernate-core-5.3.7.Final.jar:/Users/andrea.mangion/.m2/repository/javax/persistence/javax.persistence-api/2.2/javax.persistence-api-2.2.jar:/Users/andrea.mangion/.m2/repository/org/javassist/javassist/3.23.1-GA/javassist-3.23.1-GA.jar:/Users/andrea.mangion/.m2/repository/antlr/antlr/2.7.7/antlr-2.7.7.jar:/Users/andrea.mangion/.m2/repository/org/jboss/jandex/2.0.5.Final/jandex-2.0.5.Final.jar:/Users/andrea.mangion/.m2/repository/org/dom4j/dom4j/2.1.1/dom4j-2.1.1.jar:/Users/andrea.mangion/.m2/repository/org/hibernate/common/hibernate-commons-annotations/5.0.4.Final/hibernate-commons-annotations-5.0.4.Final.jar:/Users/andrea.mangion/.m2/repository/org/springframework/data/spring-data-jpa/2.1.4.RELEASE/spring-data-jpa-2.1.4.RELEASE.jar:/Users/andrea.mangion/.m2/repository/org/springframework/data/spring-data-commons/2.1.4.RELEASE/spring-data-commons-2.1.4.RELEASE.jar:/Users/andrea.mangion/.m2/repository/org/springframework/spring-orm/5.1.4.RELEASE/spring-orm-5.1.4.RELEASE.jar:/Users/andrea.mangion/.m2/repository/org/springframework/spring-tx/5.1.4.RELEASE/spring-tx-5.1.4.RELEASE.jar:/Users/andrea.mangion/.m2/repository/org/springframework/spring-aspects/5.1.4.RELEASE/spring-aspects-5.1.4.RELEASE.jar:/Users/andrea.mangion/.m2/repository/com/h2database/h2/1.4.197/h2-1.4.197.jar:/Users/andrea.mangion/.m2/repository/io/springfox/springfox-swagger2/2.9.2/springfox-swagger2-2.9.2.jar:/Users/andrea.mangion/.m2/repository/io/swagger/swagger-annotations/1.5.20/swagger-annotations-1.5.20.jar:/Users/andrea.mangion/.m2/repository/io/swagger/swagger-models/1.5.20/swagger-models-1.5.20.jar:/Users/andrea.mangion/.m2/repository/com/fasterxml/jackson/core/jackson-annotations/2.9.0/jackson-annotations-2.9.0.jar:/Users/andrea.mangion/.m2/repository/io/springfox/springfox-spi/2.9.2/springfox-spi-2.9.2.jar:/Users/andrea.mangion/.m2/repository/io/springfox/springfox-core/2.9.2/springfox-core-2.9.2.jar:/Users/andrea.mangion/.m2/repository/io/springfox/springfox-schema/2.9.2/springfox-schema-2.9.2.jar:/Users/andrea.mangion/.m2/repository/io/springfox/springfox-swagger-common/2.9.2/springfox-swagger-common-2.9.2.jar:/Users/andrea.mangion/.m2/repository/io/springfox/springfox-spring-web/2.9.2/springfox-spring-web-2.9.2.jar:/Users/andrea.mangion/.m2/repository/com/google/guava/guava/20.0/guava-20.0.jar:/Users/andrea.mangion/.m2/repository/com/fasterxml/classmate/1.4.0/classmate-1.4.0.jar:/Users/andrea.mangion/.m2/repository/org/slf4j/slf4j-api/1.7.25/slf4j-api-1.7.25.jar:/Users/andrea.mangion/.m2/repository/org/springframework/plugin/spring-plugin-core/1.2.0.RELEASE/spring-plugin-core-1.2.0.RELEASE.jar:/Users/andrea.mangion/.m2/repository/org/springframework/plugin/spring-plugin-metadata/1.2.0.RELEASE/spring-plugin-metadata-1.2.0.RELEASE.jar:/Users/andrea.mangion/.m2/repository/org/mapstruct/mapstruct/1.2.0.Final/mapstruct-1.2.0.Final.jar:/Users/andrea.mangion/.m2/repository/io/springfox/springfox-swagger-ui/2.9.2/springfox-swagger-ui-2.9.2.jar:/Users/andrea.mangion/.m2/repository/com/github/jmnarloch/modelmapper-spring-boot-starter/1.1.0/modelmapper-spring-boot-starter-1.1.0.jar:/Users/andrea.mangion/.m2/repository/org/modelmapper/modelmapper/0.7.5/modelmapper-0.7.5.jar:/Users/andrea.mangion/.m2/repository/org/mockito/mockito-core/2.23.4/mockito-core-2.23.4.jar:/Users/andrea.mangion/.m2/repository/net/bytebuddy/byte-buddy/1.9.7/byte-buddy-1.9.7.jar:/Users/andrea.mangion/.m2/repository/net/bytebuddy/byte-buddy-agent/1.9.7/byte-buddy-agent-1.9.7.jar:/Users/andrea.mangion/.m2/repository/org/objenesis/objenesis/2.6/objenesis-2.6.jar:"/>
    <property name="java.vm.vendor" value="Oracle Corporation"/>
    <property name="sun.arch.data.model" value="64"/>
    <property name="java.vendor.url" value="https://java.oracle.com/"/>
    <property name="os.name" value="Mac OS X"/>
    <property name="java.vm.specification.version" value="15"/>
    <property name="sun.java.launcher" value="SUN_STANDARD"/>
    <property name="user.country" value="GB"/>
    <property name="sun.boot.library.path" value="/Library/Java/JavaVirtualMachines/jdk-15.0.1.jdk/Contents/Home/lib"/>
    <property name="sun.java.command" value="/Users/andrea.mangion/Documents/workspace/workshop-exercises/continuous-testing-foundations/java/target/surefire/surefirebooter10669825641928860024.jar /Users/andrea.mangion/Documents/workspace/workshop-exercises/continuous-testing-foundations/java/target/surefire 2021-07-01T22-45-28_098-jvmRun1 surefire9639653972228037963tmp surefire_04192578589215279459tmp"/>
    <property name="http.nonProxyHosts" value="local|*.local|169.254/16|*.169.254/16"/>
    <property name="jdk.debug" value="release"/>
    <property name="surefire.test.class.path" value="/Users/andrea.mangion/Documents/workspace/workshop-exercises/continuous-testing-foundations/java/target/test-classes:/Users/andrea.mangion/Documents/workspace/workshop-exercises/continuous-testing-foundations/java/target/classes:/Users/andrea.mangion/.m2/repository/org/junit/jupiter/junit-jupiter-engine/5.6.0/junit-jupiter-engine-5.6.0.jar:/Users/andrea.mangion/.m2/repository/org/apiguardian/apiguardian-api/1.1.0/apiguardian-api-1.1.0.jar:/Users/andrea.mangion/.m2/repository/org/junit/platform/junit-platform-engine/1.6.0/junit-platform-engine-1.6.0.jar:/Users/andrea.mangion/.m2/repository/org/opentest4j/opentest4j/1.2.0/opentest4j-1.2.0.jar:/Users/andrea.mangion/.m2/repository/org/junit/platform/junit-platform-commons/1.6.0/junit-platform-commons-1.6.0.jar:/Users/andrea.mangion/.m2/repository/org/junit/jupiter/junit-jupiter-api/5.6.0/junit-jupiter-api-5.6.0.jar:/Users/andrea.mangion/.m2/repository/org/junit/jupiter/junit-jupiter-params/5.6.0/junit-jupiter-params-5.6.0.jar:/Users/andrea.mangion/.m2/repository/org/springframework/boot/spring-boot-starter-web/2.1.2.RELEASE/spring-boot-starter-web-2.1.2.RELEASE.jar:/Users/andrea.mangion/.m2/repository/org/springframework/boot/spring-boot-starter/2.1.2.RELEASE/spring-boot-starter-2.1.2.RELEASE.jar:/Users/andrea.mangion/.m2/repository/org/springframework/boot/spring-boot/2.1.2.RELEASE/spring-boot-2.1.2.RELEASE.jar:/Users/andrea.mangion/.m2/repository/org/springframework/boot/spring-boot-autoconfigure/2.1.2.RELEASE/spring-boot-autoconfigure-2.1.2.RELEASE.jar:/Users/andrea.mangion/.m2/repository/org/springframework/boot/spring-boot-starter-logging/2.1.2.RELEASE/spring-boot-starter-logging-2.1.2.RELEASE.jar:/Users/andrea.mangion/.m2/repository/ch/qos/logback/logback-classic/1.2.3/logback-classic-1.2.3.jar:/Users/andrea.mangion/.m2/repository/ch/qos/logback/logback-core/1.2.3/logback-core-1.2.3.jar:/Users/andrea.mangion/.m2/repository/org/apache/logging/log4j/log4j-to-slf4j/2.11.1/log4j-to-slf4j-2.11.1.jar:/Users/andrea.mangion/.m2/repository/org/apache/logging/log4j/log4j-api/2.11.1/log4j-api-2.11.1.jar:/Users/andrea.mangion/.m2/repository/org/slf4j/jul-to-slf4j/1.7.25/jul-to-slf4j-1.7.25.jar:/Users/andrea.mangion/.m2/repository/javax/annotation/javax.annotation-api/1.3.2/javax.annotation-api-1.3.2.jar:/Users/andrea.mangion/.m2/repository/org/yaml/snakeyaml/1.23/snakeyaml-1.23.jar:/Users/andrea.mangion/.m2/repository/org/springframework/boot/spring-boot-starter-json/2.1.2.RELEASE/spring-boot-starter-json-2.1.2.RELEASE.jar:/Users/andrea.mangion/.m2/repository/com/fasterxml/jackson/core/jackson-databind/2.9.8/jackson-databind-2.9.8.jar:/Users/andrea.mangion/.m2/repository/com/fasterxml/jackson/core/jackson-core/2.9.8/jackson-core-2.9.8.jar:/Users/andrea.mangion/.m2/repository/com/fasterxml/jackson/datatype/jackson-datatype-jdk8/2.9.8/jackson-datatype-jdk8-2.9.8.jar:/Users/andrea.mangion/.m2/repository/com/fasterxml/jackson/datatype/jackson-datatype-jsr310/2.9.8/jackson-datatype-jsr310-2.9.8.jar:/Users/andrea.mangion/.m2/repository/com/fasterxml/jackson/module/jackson-module-parameter-names/2.9.8/jackson-module-parameter-names-2.9.8.jar:/Users/andrea.mangion/.m2/repository/org/springframework/boot/spring-boot-starter-tomcat/2.1.2.RELEASE/spring-boot-starter-tomcat-2.1.2.RELEASE.jar:/Users/andrea.mangion/.m2/repository/org/apache/tomcat/embed/tomcat-embed-core/9.0.14/tomcat-embed-core-9.0.14.jar:/Users/andrea.mangion/.m2/repository/org/apache/tomcat/embed/tomcat-embed-el/9.0.14/tomcat-embed-el-9.0.14.jar:/Users/andrea.mangion/.m2/repository/org/apache/tomcat/embed/tomcat-embed-websocket/9.0.14/tomcat-embed-websocket-9.0.14.jar:/Users/andrea.mangion/.m2/repository/org/hibernate/validator/hibernate-validator/6.0.14.Final/hibernate-validator-6.0.14.Final.jar:/Users/andrea.mangion/.m2/repository/javax/validation/validation-api/2.0.1.Final/validation-api-2.0.1.Final.jar:/Users/andrea.mangion/.m2/repository/org/jboss/logging/jboss-logging/3.3.2.Final/jboss-logging-3.3.2.Final.jar:/Users/andrea.mangion/.m2/repository/org/springframework/spring-web/5.1.4.RELEASE/spring-web-5.1.4.RELEASE.jar:/Users/andrea.mangion/.m2/repository/org/springframework/spring-beans/5.1.4.RELEASE/spring-beans-5.1.4.RELEASE.jar:/Users/andrea.mangion/.m2/repository/org/springframework/spring-webmvc/5.1.4.RELEASE/spring-webmvc-5.1.4.RELEASE.jar:/Users/andrea.mangion/.m2/repository/org/springframework/spring-aop/5.1.4.RELEASE/spring-aop-5.1.4.RELEASE.jar:/Users/andrea.mangion/.m2/repository/org/springframework/spring-context/5.1.4.RELEASE/spring-context-5.1.4.RELEASE.jar:/Users/andrea.mangion/.m2/repository/org/springframework/spring-expression/5.1.4.RELEASE/spring-expression-5.1.4.RELEASE.jar:/Users/andrea.mangion/.m2/repository/org/springframework/boot/spring-boot-starter-test/2.1.2.RELEASE/spring-boot-starter-test-2.1.2.RELEASE.jar:/Users/andrea.mangion/.m2/repository/org/springframework/boot/spring-boot-test/2.1.2.RELEASE/spring-boot-test-2.1.2.RELEASE.jar:/Users/andrea.mangion/.m2/repository/org/springframework/boot/spring-boot-test-autoconfigure/2.1.2.RELEASE/spring-boot-test-autoconfigure-2.1.2.RELEASE.jar:/Users/andrea.mangion/.m2/repository/com/jayway/jsonpath/json-path/2.4.0/json-path-2.4.0.jar:/Users/andrea.mangion/.m2/repository/net/minidev/json-smart/2.3/json-smart-2.3.jar:/Users/andrea.mangion/.m2/repository/net/minidev/accessors-smart/1.2/accessors-smart-1.2.jar:/Users/andrea.mangion/.m2/repository/org/ow2/asm/asm/5.0.4/asm-5.0.4.jar:/Users/andrea.mangion/.m2/repository/org/assertj/assertj-core/3.11.1/assertj-core-3.11.1.jar:/Users/andrea.mangion/.m2/repository/org/hamcrest/hamcrest-core/1.3/hamcrest-core-1.3.jar:/Users/andrea.mangion/.m2/repository/org/hamcrest/hamcrest-library/1.3/hamcrest-library-1.3.jar:/Users/andrea.mangion/.m2/repository/org/skyscreamer/jsonassert/1.5.0/jsonassert-1.5.0.jar:/Users/andrea.mangion/.m2/repository/com/vaadin/external/google/android-json/0.0.20131108.vaadin1/android-json-0.0.20131108.vaadin1.jar:/Users/andrea.mangion/.m2/repository/org/springframework/spring-core/5.1.4.RELEASE/spring-core-5.1.4.RELEASE.jar:/Users/andrea.mangion/.m2/repository/org/springframework/spring-jcl/5.1.4.RELEASE/spring-jcl-5.1.4.RELEASE.jar:/Users/andrea.mangion/.m2/repository/org/springframework/spring-test/5.1.4.RELEASE/spring-test-5.1.4.RELEASE.jar:/Users/andrea.mangion/.m2/repository/org/xmlunit/xmlunit-core/2.6.2/xmlunit-core-2.6.2.jar:/Users/andrea.mangion/.m2/repository/org/springframework/boot/spring-boot-starter-data-jpa/2.1.2.RELEASE/spring-boot-starter-data-jpa-2.1.2.RELEASE.jar:/Users/andrea.mangion/.m2/repository/org/springframework/boot/spring-boot-starter-aop/2.1.2.RELEASE/spring-boot-starter-aop-2.1.2.RELEASE.jar:/Users/andrea.mangion/.m2/repository/org/aspectj/aspectjweaver/1.9.2/aspectjweaver-1.9.2.jar:/Users/andrea.mangion/.m2/repository/org/springframework/boot/spring-boot-starter-jdbc/2.1.2.RELEASE/spring-boot-starter-jdbc-2.1.2.RELEASE.jar:/Users/andrea.mangion/.m2/repository/com/zaxxer/HikariCP/3.2.0/HikariCP-3.2.0.jar:/Users/andrea.mangion/.m2/repository/org/springframework/spring-jdbc/5.1.4.RELEASE/spring-jdbc-5.1.4.RELEASE.jar:/Users/andrea.mangion/.m2/repository/javax/transaction/javax.transaction-api/1.3/javax.transaction-api-1.3.jar:/Users/andrea.mangion/.m2/repository/javax/xml/bind/jaxb-api/2.3.1/jaxb-api-2.3.1.jar:/Users/andrea.mangion/.m2/repository/javax/activation/javax.activation-api/1.2.0/javax.activation-api-1.2.0.jar:/Users/andrea.mangion/.m2/repository/org/hibernate/hibernate-core/5.3.7.Final/hibernate-core-5.3.7.Final.jar:/Users/andrea.mangion/.m2/repository/javax/persistence/javax.persistence-api/2.2/javax.persistence-api-2.2.jar:/Users/andrea.mangion/.m2/repository/org/javassist/javassist/3.23.1-GA/javassist-3.23.1-GA.jar:/Users/andrea.mangion/.m2/repository/antlr/antlr/2.7.7/antlr-2.7.7.jar:/Users/andrea.mangion/.m2/repository/org/jboss/jandex/2.0.5.Final/jandex-2.0.5.Final.jar:/Users/andrea.mangion/.m2/repository/org/dom4j/dom4j/2.1.1/dom4j-2.1.1.jar:/Users/andrea.mangion/.m2/repository/org/hibernate/common/hibernate-commons-annotations/5.0.4.Final/hibernate-commons-annotations-5.0.4.Final.jar:/Users/andrea.mangion/.m2/repository/org/springframework/data/spring-data-jpa/2.1.4.RELEASE/spring-data-jpa-2.1.4.RELEASE.jar:/Users/andrea.mangion/.m2/repository/org/springframework/data/spring-data-commons/2.1.4.RELEASE/spring-data-commons-2.1.4.RELEASE.jar:/Users/andrea.mangion/.m2/repository/org/springframework/spring-orm/5.1.4.RELEASE/spring-orm-5.1.4.RELEASE.jar:/Users/andrea.mangion/.m2/repository/org/springframework/spring-tx/5.1.4.RELEASE/spring-tx-5.1.4.RELEASE.jar:/Users/andrea.mangion/.m2/repository/org/springframework/spring-aspects/5.1.4.RELEASE/spring-aspects-5.1.4.RELEASE.jar:/Users/andrea.mangion/.m2/repository/com/h2database/h2/1.4.197/h2-1.4.197.jar:/Users/andrea.mangion/.m2/repository/io/springfox/springfox-swagger2/2.9.2/springfox-swagger2-2.9.2.jar:/Users/andrea.mangion/.m2/repository/io/swagger/swagger-annotations/1.5.20/swagger-annotations-1.5.20.jar:/Users/andrea.mangion/.m2/repository/io/swagger/swagger-models/1.5.20/swagger-models-1.5.20.jar:/Users/andrea.mangion/.m2/repository/com/fasterxml/jackson/core/jackson-annotations/2.9.0/jackson-annotations-2.9.0.jar:/Users/andrea.mangion/.m2/repository/io/springfox/springfox-spi/2.9.2/springfox-spi-2.9.2.jar:/Users/andrea.mangion/.m2/repository/io/springfox/springfox-core/2.9.2/springfox-core-2.9.2.jar:/Users/andrea.mangion/.m2/repository/io/springfox/springfox-schema/2.9.2/springfox-schema-2.9.2.jar:/Users/andrea.mangion/.m2/repository/io/springfox/springfox-swagger-common/2.9.2/springfox-swagger-common-2.9.2.jar:/Users/andrea.mangion/.m2/repository/io/springfox/springfox-spring-web/2.9.2/springfox-spring-web-2.9.2.jar:/Users/andrea.mangion/.m2/repository/com/google/guava/guava/20.0/guava-20.0.jar:/Users/andrea.mangion/.m2/repository/com/fasterxml/classmate/1.4.0/classmate-1.4.0.jar:/Users/andrea.mangion/.m2/repository/org/slf4j/slf4j-api/1.7.25/slf4j-api-1.7.25.jar:/Users/andrea.mangion/.m2/repository/org/springframework/plugin/spring-plugin-core/1.2.0.RELEASE/spring-plugin-core-1.2.0.RELEASE.jar:/Users/andrea.mangion/.m2/repository/org/springframework/plugin/spring-plugin-metadata/1.2.0.RELEASE/spring-plugin-metadata-1.2.0.RELEASE.jar:/Users/andrea.mangion/.m2/repository/org/mapstruct/mapstruct/1.2.0.Final/mapstruct-1.2.0.Final.jar:/Users/andrea.mangion/.m2/repository/io/springfox/springfox-swagger-ui/2.9.2/springfox-swagger-ui-2.9.2.jar:/Users/andrea.mangion/.m2/repository/com/github/jmnarloch/modelmapper-spring-boot-starter/1.1.0/modelmapper-spring-boot-starter-1.1.0.jar:/Users/andrea.mangion/.m2/repository/org/modelmapper/modelmapper/0.7.5/modelmapper-0.7.5.jar:/Users/andrea.mangion/.m2/repository/org/mockito/mockito-core/2.23.4/mockito-core-2.23.4.jar:/Users/andrea.mangion/.m2/repository/net/bytebuddy/byte-buddy/1.9.7/byte-buddy-1.9.7.jar:/Users/andrea.mangion/.m2/repository/net/bytebuddy/byte-buddy-agent/1.9.7/byte-buddy-agent-1.9.7.jar:/Users/andrea.mangion/.m2/repository/org/objenesis/objenesis/2.6/objenesis-2.6.jar:"/>
    <property name="sun.cpu.endian" value="little"/>
    <property name="user.home" value="/Users/andrea.mangion"/>
    <property name="user.language" value="en"/>
    <property name="java.specification.vendor" value="Oracle Corporation"/>
    <property name="java.version.date" value="2020-10-20"/>
    <property name="java.home" value="/Library/Java/JavaVirtualMachines/jdk-15.0.1.jdk/Contents/Home"/>
    <property name="file.separator" value="/"/>
    <property name="basedir" value="/Users/andrea.mangion/Documents/workspace/workshop-exercises/continuous-testing-foundations/java"/>
    <property name="java.vm.compressedOopsMode" value="Zero based"/>
    <property name="line.separator" value="&#10;"/>
    <property name="java.specification.name" value="Java Platform API Specification"/>
    <property name="java.vm.specification.vendor" value="Oracle Corporation"/>
    <property name="surefire.real.class.path" value="/Users/andrea.mangion/Documents/workspace/workshop-exercises/continuous-testing-foundations/java/target/surefire/surefirebooter10669825641928860024.jar"/>
    <property name="sun.management.compiler" value="HotSpot 64-Bit Tiered Compilers"/>
    <property name="ftp.nonProxyHosts" value="local|*.local|169.254/16|*.169.254/16"/>
    <property name="java.runtime.version" value="15.0.1+9-18"/>
    <property name="user.name" value="andrea.mangion"/>
    <property name="path.separator" value=":"/>
    <property name="os.version" value="10.16"/>
    <property name="java.runtime.name" value="Java(TM) SE Runtime Environment"/>
    <property name="file.encoding" value="UTF-8"/>
    <property name="java.vm.name" value="Java HotSpot(TM) 64-Bit Server VM"/>
    <property name="localRepository" value="/Users/andrea.mangion/.m2/repository"/>
    <property name="java.vendor.url.bug" value="https://bugreport.java.com/bugreport/"/>
    <property name="java.io.tmpdir" value="/var/folders/s6/b8ywb4gs38s1y12tb_543gp94sd3vj/T/"/>
    <property name="java.version" value="15.0.1"/>
    <property name="user.dir" value="/Users/andrea.mangion/Documents/workspace/workshop-exercises/continuous-testing-foundations/java"/>
    <property name="os.arch" value="x86_64"/>
    <property name="java.vm.specification.name" value="Java Virtual Machine Specification"/>
    <property name="java.library.path" value="/Users/andrea.mangion/Library/Java/Extensions:/Library/Java/Extensions:/Network/Library/Java/Extensions:/System/Library/Java/Extensions:/usr/lib/java:."/>
    <property name="java.vm.info" value="mixed mode, sharing"/>
    <property name="java.vendor" value="Oracle Corporation"/>
    <property name="java.vm.version" value="15.0.1+9-18"/>
    <property name="sun.io.unicode.encoding" value="UnicodeBig"/>
    <property name="socksNonProxyHosts" value="local|*.local|169.254/16|*.169.254/16"/>
    <property name="java.class.version" value="59.0"/>
  </properties>
  <testcase name="testSaveUserInvalidUser{String, String, int}[1]" classname="com.pragmatest.controllers.UserControllerIntegrationMockMvcTest" time="0.108"/>
  <testcase name="testSaveUserInvalidUser{String, String, int}[2]" classname="com.pragmatest.controllers.UserControllerIntegrationMockMvcTest" time="0.006"/>
  <testcase name="testSaveUserInvalidUser{String, String, int}[3]" classname="com.pragmatest.controllers.UserControllerIntegrationMockMvcTest" time="0.005"/>
  <testcase name="testSaveUserInvalidUser{String, String, int}[4]" classname="com.pragmatest.controllers.UserControllerIntegrationMockMvcTest" time="0.006"/>
  <testcase name="testSaveUserInvalidUser{String, String, int}[5]" classname="com.pragmatest.controllers.UserControllerIntegrationMockMvcTest" time="0.005"/>
  <testcase name="testSaveUserInvalidUser{String, String, int}[6]" classname="com.pragmatest.controllers.UserControllerIntegrationMockMvcTest" time="0.005"/>
  <testcase name="testSaveUserInvalidUser{String, String, int}[7]" classname="com.pragmatest.controllers.UserControllerIntegrationMockMvcTest" time="0.005"/>
  <testcase name="testSaveUserInvalidUser{String, String, int}[8]" classname="com.pragmatest.controllers.UserControllerIntegrationMockMvcTest" time="0.005"/>
  <testcase name="testSaveUserInvalidUser{String, String, int}[9]" classname="com.pragmatest.controllers.UserControllerIntegrationMockMvcTest" time="0.005"/>
  <testcase name="testSaveUserInvalidUser{String, String, int}[10]" classname="com.pragmatest.controllers.UserControllerIntegrationMockMvcTest" time="0.005"/>
  <testcase name="testSaveUserInvalidUser{String, String, int}[11]" classname="com.pragmatest.controllers.UserControllerIntegrationMockMvcTest" time="0.005"/>
  <testcase name="testGetUserByIdValidId" classname="com.pragmatest.controllers.UserControllerIntegrationMockMvcTest" time="0.043"/>
  <testcase name="testDeleteUserValidUser" classname="com.pragmatest.controllers.UserControllerIntegrationMockMvcTest" time="0.007"/>
  <testcase name="testUpdateUserUnderAgeUser" classname="com.pragmatest.controllers.UserControllerIntegrationMockMvcTest" time="0.006"/>
  <testcase name="testUpdateUserValidUser" classname="com.pragmatest.controllers.UserControllerIntegrationMockMvcTest" time="0.006"/>
  <testcase name="testUpdateUserNonExistentId" classname="com.pragmatest.controllers.UserControllerIntegrationMockMvcTest" time="0.006"/>
  <testcase name="testGetUsersByIdValidIds" classname="com.pragmatest.controllers.UserControllerIntegrationMockMvcTest" time="0.013"/>
  <testcase name="testSaveUserValidUser" classname="com.pragmatest.controllers.UserControllerIntegrationMockMvcTest" time="0.005"/>
  <testcase name="testGetUserByIdNonExistentId" classname="com.pragmatest.controllers.UserControllerIntegrationMockMvcTest" time="0.003"/>
  <testcase name="testUpdateUserInvalidUser{String, String, int}[1]" classname="com.pragmatest.controllers.UserControllerIntegrationMockMvcTest" time="0.005"/>
  <testcase name="testUpdateUserInvalidUser{String, String, int}[2]" classname="com.pragmatest.controllers.UserControllerIntegrationMockMvcTest" time="0.005"/>
  <testcase name="testUpdateUserInvalidUser{String, String, int}[3]" classname="com.pragmatest.controllers.UserControllerIntegrationMockMvcTest" time="0.005"/>
  <testcase name="testUpdateUserInvalidUser{String, String, int}[4]" classname="com.pragmatest.controllers.UserControllerIntegrationMockMvcTest" time="0.005"/>
  <testcase name="testUpdateUserInvalidUser{String, String, int}[5]" classname="com.pragmatest.controllers.UserControllerIntegrationMockMvcTest" time="0.005"/>
  <testcase name="testUpdateUserInvalidUser{String, String, int}[6]" classname="com.pragmatest.controllers.UserControllerIntegrationMockMvcTest" time="0.005"/>
  <testcase name="testUpdateUserInvalidUser{String, String, int}[7]" classname="com.pragmatest.controllers.UserControllerIntegrationMockMvcTest" time="0.005"/>
  <testcase name="testUpdateUserInvalidUser{String, String, int}[8]" classname="com.pragmatest.controllers.UserControllerIntegrationMockMvcTest" time="0.005"/>
  <testcase name="testUpdateUserInvalidUser{String, String, int}[9]" classname="com.pragmatest.controllers.UserControllerIntegrationMockMvcTest" time="0.005"/>
  <testcase name="testUpdateUserInvalidUser{String, String, int}[10]" classname="com.pragmatest.controllers.UserControllerIntegrationMockMvcTest" time="0.005"/>
  <testcase name="testUpdateUserInvalidUser{String, String, int}[11]" classname="com.pragmatest.controllers.UserControllerIntegrationMockMvcTest" time="0.006"/>
  <testcase name="testSaveUserUnderAgeUser" classname="com.pragmatest.controllers.UserControllerIntegrationMockMvcTest" time="0.005"/>
</testsuite>